[2018-10-29 17:43:15] Running QUEUE: afterTS2s01.csv
[2018-10-29 17:43:21.443242] [Execution Manager] LHFill Selected: 1
[2018-10-29 17:43:21.443339] [Execution Manager] Runnumber Selected: 2
[2018-10-29 17:43:21.443354] [Execution Manager] Lumisection Selected: 1607
[2018-10-29 17:43:21.443363] [Execution Manager] DPID Selected: 2
[2018-10-29 17:43:21.443372] [Execution Manager] DPID NOT ON for the entire selected period: 0
[2018-10-29 17:43:21.443378] [Execution Manager] Finalizing LHFill GroupBy
[2018-10-29 17:43:21.486092] [Execution Manager] Finalizing Runnumber GroupBy
[2018-10-29 17:43:21.487465] [Execution Manager] Finalizing Lumisection GroupBy
[2018-10-29 17:43:21] Running QUEUE: afterTS2s02.csv
[2018-10-29 17:43:27.068857] [Execution Manager] LHFill Selected: 1
[2018-10-29 17:43:27.068936] [Execution Manager] Runnumber Selected: 2
[2018-10-29 17:43:27.068951] [Execution Manager] Lumisection Selected: 1607
[2018-10-29 17:43:27.068960] [Execution Manager] DPID Selected: 2
[2018-10-29 17:43:27.068970] [Execution Manager] DPID NOT ON for the entire selected period: 0
[2018-10-29 17:43:27.068977] [Execution Manager] Finalizing LHFill GroupBy
[2018-10-29 17:43:27.071675] [Execution Manager] Finalizing Runnumber GroupBy
[2018-10-29 17:43:27.078326] [Execution Manager] Finalizing Lumisection GroupBy
[2018-10-29 17:43:27] Running QUEUE: afterTS2s03.csv
[2018-10-29 17:43:32.670107] [Execution Manager] LHFill Selected: 1
[2018-10-29 17:43:32.670221] [Execution Manager] Runnumber Selected: 2
[2018-10-29 17:43:32.670244] [Execution Manager] Lumisection Selected: 1607
[2018-10-29 17:43:32.670258] [Execution Manager] DPID Selected: 2
[2018-10-29 17:43:32.670271] [Execution Manager] DPID NOT ON for the entire selected period: 0
[2018-10-29 17:43:32.670278] [Execution Manager] Finalizing LHFill GroupBy
[2018-10-29 17:43:32.672692] [Execution Manager] Finalizing Runnumber GroupBy
[2018-10-29 17:43:32.673849] [Execution Manager] Finalizing Lumisection GroupBy
[2018-10-29 17:43:32] Running QUEUE: afterTS2s04.csv
[2018-10-29 17:43:38.163681] [Execution Manager] LHFill Selected: 1
[2018-10-29 17:43:38.163734] [Execution Manager] Runnumber Selected: 2
[2018-10-29 17:43:38.163748] [Execution Manager] Lumisection Selected: 1607
[2018-10-29 17:43:38.163757] [Execution Manager] DPID Selected: 2
[2018-10-29 17:43:38.163772] [Execution Manager] DPID NOT ON for the entire selected period: 0
[2018-10-29 17:43:38.163778] [Execution Manager] Finalizing LHFill GroupBy
[2018-10-29 17:43:38.166361] [Execution Manager] Finalizing Runnumber GroupBy
[2018-10-29 17:43:38.167479] [Execution Manager] Finalizing Lumisection GroupBy
[2018-10-29 17:43:38] Running QUEUE: afterTS2s05.csv
[2018-10-29 17:43:43.744281] [Execution Manager] LHFill Selected: 1
[2018-10-29 17:43:43.744356] [Execution Manager] Runnumber Selected: 2
[2018-10-29 17:43:43.744370] [Execution Manager] Lumisection Selected: 1607
[2018-10-29 17:43:43.744380] [Execution Manager] DPID Selected: 2
[2018-10-29 17:43:43.744389] [Execution Manager] DPID NOT ON for the entire selected period: 0
[2018-10-29 17:43:43.744396] [Execution Manager] Finalizing LHFill GroupBy
[2018-10-29 17:43:43.746030] [Execution Manager] Finalizing Runnumber GroupBy
[2018-10-29 17:43:43.764977] [Execution Manager] Finalizing Lumisection GroupBy
[2018-10-29 17:43:43] Running QUEUE: afterTS2s06.csv
[2018-10-29 17:43:49.412690] [Execution Manager] LHFill Selected: 1
[2018-10-29 17:43:49.412754] [Execution Manager] Runnumber Selected: 2
[2018-10-29 17:43:49.412774] [Execution Manager] Lumisection Selected: 1607
[2018-10-29 17:43:49.412783] [Execution Manager] DPID Selected: 2
[2018-10-29 17:43:49.412793] [Execution Manager] DPID NOT ON for the entire selected period: 0
[2018-10-29 17:43:49.412800] [Execution Manager] Finalizing LHFill GroupBy
[2018-10-29 17:43:49.419709] [Execution Manager] Finalizing Runnumber GroupBy
[2018-10-29 17:43:49.424719] [Execution Manager] Finalizing Lumisection GroupBy
[2018-10-29 17:43:49] Running QUEUE: afterTS2s07.csv
[2018-10-29 17:43:55.246830] [Execution Manager] LHFill Selected: 1
[2018-10-29 17:43:55.246878] [Execution Manager] Runnumber Selected: 2
[2018-10-29 17:43:55.246890] [Execution Manager] Lumisection Selected: 1607
[2018-10-29 17:43:55.246898] [Execution Manager] DPID Selected: 2
[2018-10-29 17:43:55.246907] [Execution Manager] DPID NOT ON for the entire selected period: 0
[2018-10-29 17:43:55.246914] [Execution Manager] Finalizing LHFill GroupBy
[2018-10-29 17:43:55.273787] [Execution Manager] Finalizing Runnumber GroupBy
[2018-10-29 17:43:55.281520] [Execution Manager] Finalizing Lumisection GroupBy
[2018-10-29 17:43:55] Running QUEUE: afterTS2s08.csv
[2018-10-29 17:44:00.937243] [Execution Manager] LHFill Selected: 1
[2018-10-29 17:44:00.937322] [Execution Manager] Runnumber Selected: 2
[2018-10-29 17:44:00.937335] [Execution Manager] Lumisection Selected: 1607
[2018-10-29 17:44:00.937343] [Execution Manager] DPID Selected: 2
[2018-10-29 17:44:00.937352] [Execution Manager] DPID NOT ON for the entire selected period: 0
[2018-10-29 17:44:00.937359] [Execution Manager] Finalizing LHFill GroupBy
[2018-10-29 17:44:00.940928] [Execution Manager] Finalizing Runnumber GroupBy
[2018-10-29 17:44:00.942386] [Execution Manager] Finalizing Lumisection GroupBy
[2018-10-29 17:44:01] Running QUEUE: afterTS2s09.csv
[2018-10-29 17:44:06.535392] [Execution Manager] LHFill Selected: 1
[2018-10-29 17:44:06.535473] [Execution Manager] Runnumber Selected: 2
[2018-10-29 17:44:06.535504] [Execution Manager] Lumisection Selected: 1607
[2018-10-29 17:44:06.535512] [Execution Manager] DPID Selected: 2
[2018-10-29 17:44:06.535521] [Execution Manager] DPID NOT ON for the entire selected period: 0
[2018-10-29 17:44:06.535527] [Execution Manager] Finalizing LHFill GroupBy
[2018-10-29 17:44:06.540012] [Execution Manager] Finalizing Runnumber GroupBy
[2018-10-29 17:44:06.542091] [Execution Manager] Finalizing Lumisection GroupBy
[2018-10-29 17:44:06] Running QUEUE: afterTS2s10.csv
[2018-10-29 17:44:12.332392] [Execution Manager] LHFill Selected: 1
[2018-10-29 17:44:12.332444] [Execution Manager] Runnumber Selected: 2
[2018-10-29 17:44:12.332462] [Execution Manager] Lumisection Selected: 1607
[2018-10-29 17:44:12.332471] [Execution Manager] DPID Selected: 2
[2018-10-29 17:44:12.332480] [Execution Manager] DPID NOT ON for the entire selected period: 0
[2018-10-29 17:44:12.332487] [Execution Manager] Finalizing LHFill GroupBy
[2018-10-29 17:44:12.333761] [Execution Manager] Finalizing Runnumber GroupBy
[2018-10-29 17:44:12.379120] [Execution Manager] Finalizing Lumisection GroupBy
[2018-10-29 17:44:12] Running QUEUE: afterTS2s11.csv
[2018-10-29 17:44:18.084892] [Execution Manager] LHFill Selected: 1
[2018-10-29 17:44:18.084951] [Execution Manager] Runnumber Selected: 2
[2018-10-29 17:44:18.084964] [Execution Manager] Lumisection Selected: 1607
[2018-10-29 17:44:18.084972] [Execution Manager] DPID Selected: 2
[2018-10-29 17:44:18.084981] [Execution Manager] DPID NOT ON for the entire selected period: 0
[2018-10-29 17:44:18.084988] [Execution Manager] Finalizing LHFill GroupBy
[2018-10-29 17:44:18.094099] [Execution Manager] Finalizing Runnumber GroupBy
[2018-10-29 17:44:18.100473] [Execution Manager] Finalizing Lumisection GroupBy
[2018-10-29 17:44:18] Running QUEUE: afterTS2s12.csv
[2018-10-29 17:44:23.562073] [Execution Manager] LHFill Selected: 1
[2018-10-29 17:44:23.562132] [Execution Manager] Runnumber Selected: 2
[2018-10-29 17:44:23.562146] [Execution Manager] Lumisection Selected: 1607
[2018-10-29 17:44:23.562155] [Execution Manager] DPID Selected: 2
[2018-10-29 17:44:23.562165] [Execution Manager] DPID NOT ON for the entire selected period: 0
[2018-10-29 17:44:23.562171] [Execution Manager] Finalizing LHFill GroupBy
[2018-10-29 17:44:23.563586] [Execution Manager] Finalizing Runnumber GroupBy
[2018-10-29 17:44:23.566007] [Execution Manager] Finalizing Lumisection GroupBy
[2018-10-29 17:44:23] Running QUEUE: beforeTS2s01.csv
[2018-10-29 17:44:29.262962] [Execution Manager] LHFill Selected: 1
[2018-10-29 17:44:29.263021] [Execution Manager] Runnumber Selected: 4
[2018-10-29 17:44:29.263034] [Execution Manager] Lumisection Selected: 1904
[2018-10-29 17:44:29.263043] [Execution Manager] DPID Selected: 2
[2018-10-29 17:44:29.263089] [Execution Manager] DPID NOT ON for the entire selected period: 2
[2018-10-29 17:44:29.263099] [Execution Manager] Finalizing LHFill GroupBy
[2018-10-29 17:44:29.264707] [Execution Manager] Finalizing Runnumber GroupBy
[2018-10-29 17:44:29.266295] [Execution Manager] Finalizing Lumisection GroupBy
[2018-10-29 17:44:29] Running QUEUE: beforeTS2s02.csv
[2018-10-29 17:44:35.019281] [Execution Manager] LHFill Selected: 1
[2018-10-29 17:44:35.019339] [Execution Manager] Runnumber Selected: 4
[2018-10-29 17:44:35.019352] [Execution Manager] Lumisection Selected: 1904
[2018-10-29 17:44:35.019361] [Execution Manager] DPID Selected: 2
[2018-10-29 17:44:35.019370] [Execution Manager] DPID NOT ON for the entire selected period: 2
[2018-10-29 17:44:35.019376] [Execution Manager] Finalizing LHFill GroupBy
[2018-10-29 17:44:35.030638] [Execution Manager] Finalizing Runnumber GroupBy
[2018-10-29 17:44:35.044765] [Execution Manager] Finalizing Lumisection GroupBy
[2018-10-29 17:44:35] Running QUEUE: beforeTS2s03.csv
[2018-10-29 17:44:40.921903] [Execution Manager] LHFill Selected: 1
[2018-10-29 17:44:40.921974] [Execution Manager] Runnumber Selected: 4
[2018-10-29 17:44:40.921989] [Execution Manager] Lumisection Selected: 1904
[2018-10-29 17:44:40.921997] [Execution Manager] DPID Selected: 2
[2018-10-29 17:44:40.922011] [Execution Manager] DPID NOT ON for the entire selected period: 2
[2018-10-29 17:44:40.922018] [Execution Manager] Finalizing LHFill GroupBy
[2018-10-29 17:44:41.067733] [Execution Manager] Finalizing Runnumber GroupBy
[2018-10-29 17:44:41.075297] [Execution Manager] Finalizing Lumisection GroupBy
[2018-10-29 17:44:41] Running QUEUE: beforeTS2s04.csv
[2018-10-29 17:44:46.955663] [Execution Manager] LHFill Selected: 1
[2018-10-29 17:44:46.955732] [Execution Manager] Runnumber Selected: 4
[2018-10-29 17:44:46.955745] [Execution Manager] Lumisection Selected: 1904
[2018-10-29 17:44:46.955754] [Execution Manager] DPID Selected: 2
[2018-10-29 17:44:46.955764] [Execution Manager] DPID NOT ON for the entire selected period: 2
[2018-10-29 17:44:46.955771] [Execution Manager] Finalizing LHFill GroupBy
[2018-10-29 17:44:46.960411] [Execution Manager] Finalizing Runnumber GroupBy
[2018-10-29 17:44:46.964689] [Execution Manager] Finalizing Lumisection GroupBy
[2018-10-29 17:44:47] Running QUEUE: beforeTS2s05.csv
[2018-10-29 17:44:52.827011] [Execution Manager] LHFill Selected: 1
[2018-10-29 17:44:52.827088] [Execution Manager] Runnumber Selected: 4
[2018-10-29 17:44:52.827102] [Execution Manager] Lumisection Selected: 1904
[2018-10-29 17:44:52.827112] [Execution Manager] DPID Selected: 2
[2018-10-29 17:44:52.827122] [Execution Manager] DPID NOT ON for the entire selected period: 2
[2018-10-29 17:44:52.827129] [Execution Manager] Finalizing LHFill GroupBy
[2018-10-29 17:44:52.839647] [Execution Manager] Finalizing Runnumber GroupBy
[2018-10-29 17:44:52.848954] [Execution Manager] Finalizing Lumisection GroupBy
[2018-10-29 17:44:52] Running QUEUE: beforeTS2s06.csv
[2018-10-29 17:44:58.396681] [Execution Manager] LHFill Selected: 1
[2018-10-29 17:44:58.396741] [Execution Manager] Runnumber Selected: 4
[2018-10-29 17:44:58.396761] [Execution Manager] Lumisection Selected: 1904
[2018-10-29 17:44:58.396771] [Execution Manager] DPID Selected: 2
[2018-10-29 17:44:58.396780] [Execution Manager] DPID NOT ON for the entire selected period: 2
[2018-10-29 17:44:58.396787] [Execution Manager] Finalizing LHFill GroupBy
[2018-10-29 17:44:58.403794] [Execution Manager] Finalizing Runnumber GroupBy
[2018-10-29 17:44:58.410661] [Execution Manager] Finalizing Lumisection GroupBy
[2018-10-29 17:44:58] Running QUEUE: beforeTS2s07.csv
[2018-10-29 17:45:04.089565] [Execution Manager] LHFill Selected: 1
[2018-10-29 17:45:04.090132] [Execution Manager] Runnumber Selected: 4
[2018-10-29 17:45:04.090147] [Execution Manager] Lumisection Selected: 1904
[2018-10-29 17:45:04.090157] [Execution Manager] DPID Selected: 2
[2018-10-29 17:45:04.090173] [Execution Manager] DPID NOT ON for the entire selected period: 2
[2018-10-29 17:45:04.090181] [Execution Manager] Finalizing LHFill GroupBy
[2018-10-29 17:45:04.091528] [Execution Manager] Finalizing Runnumber GroupBy
[2018-10-29 17:45:04.092703] [Execution Manager] Finalizing Lumisection GroupBy
[2018-10-29 17:45:04] Running QUEUE: beforeTS2s08.csv
[2018-10-29 17:45:10.032675] [Execution Manager] LHFill Selected: 1
[2018-10-29 17:45:10.032775] [Execution Manager] Runnumber Selected: 4
[2018-10-29 17:45:10.032790] [Execution Manager] Lumisection Selected: 1904
[2018-10-29 17:45:10.032799] [Execution Manager] DPID Selected: 2
[2018-10-29 17:45:10.032809] [Execution Manager] DPID NOT ON for the entire selected period: 2
[2018-10-29 17:45:10.032815] [Execution Manager] Finalizing LHFill GroupBy
[2018-10-29 17:45:10.035727] [Execution Manager] Finalizing Runnumber GroupBy
[2018-10-29 17:45:10.036939] [Execution Manager] Finalizing Lumisection GroupBy
[2018-10-29 17:45:10] Running QUEUE: beforeTS2s09.csv
[2018-10-29 17:45:16.178186] [Execution Manager] LHFill Selected: 1
[2018-10-29 17:45:16.178261] [Execution Manager] Runnumber Selected: 4
[2018-10-29 17:45:16.178275] [Execution Manager] Lumisection Selected: 1904
[2018-10-29 17:45:16.178284] [Execution Manager] DPID Selected: 2
[2018-10-29 17:45:16.178294] [Execution Manager] DPID NOT ON for the entire selected period: 2
[2018-10-29 17:45:16.178301] [Execution Manager] Finalizing LHFill GroupBy
[2018-10-29 17:45:16.181010] [Execution Manager] Finalizing Runnumber GroupBy
[2018-10-29 17:45:16.182217] [Execution Manager] Finalizing Lumisection GroupBy
[2018-10-29 17:45:16] Running QUEUE: beforeTS2s10.csv
[2018-10-29 17:45:21.714397] [Execution Manager] LHFill Selected: 1
[2018-10-29 17:45:21.714461] [Execution Manager] Runnumber Selected: 4
[2018-10-29 17:45:21.714475] [Execution Manager] Lumisection Selected: 1904
[2018-10-29 17:45:21.714485] [Execution Manager] DPID Selected: 2
[2018-10-29 17:45:21.714501] [Execution Manager] DPID NOT ON for the entire selected period: 2
[2018-10-29 17:45:21.714509] [Execution Manager] Finalizing LHFill GroupBy
[2018-10-29 17:45:21.721392] [Execution Manager] Finalizing Runnumber GroupBy
[2018-10-29 17:45:21.723641] [Execution Manager] Finalizing Lumisection GroupBy
[2018-10-29 17:45:21] Running QUEUE: beforeTS2s11.csv
[2018-10-29 17:45:27.296238] [Execution Manager] LHFill Selected: 1
[2018-10-29 17:45:27.296320] [Execution Manager] Runnumber Selected: 4
[2018-10-29 17:45:27.296334] [Execution Manager] Lumisection Selected: 1904
[2018-10-29 17:45:27.296343] [Execution Manager] DPID Selected: 2
[2018-10-29 17:45:27.296352] [Execution Manager] DPID NOT ON for the entire selected period: 2
[2018-10-29 17:45:27.296359] [Execution Manager] Finalizing LHFill GroupBy
[2018-10-29 17:45:27.300807] [Execution Manager] Finalizing Runnumber GroupBy
[2018-10-29 17:45:27.314032] [Execution Manager] Finalizing Lumisection GroupBy
[2018-10-29 17:45:27] Running QUEUE: beforeTS2s12.csv
[2018-10-29 17:45:32.879306] [Execution Manager] LHFill Selected: 1
[2018-10-29 17:45:32.879367] [Execution Manager] Runnumber Selected: 4
[2018-10-29 17:45:32.879379] [Execution Manager] Lumisection Selected: 1904
[2018-10-29 17:45:32.879389] [Execution Manager] DPID Selected: 2
[2018-10-29 17:45:32.879398] [Execution Manager] DPID NOT ON for the entire selected period: 2
[2018-10-29 17:45:32.879405] [Execution Manager] Finalizing LHFill GroupBy
[2018-10-29 17:45:32.881067] [Execution Manager] Finalizing Runnumber GroupBy
[2018-10-29 17:45:32.882392] [Execution Manager] Finalizing Lumisection GroupBy
[2018-10-29 17:45:32] Done!
