[2018-10-29 17:17:51] Running QUEUE: afterTS2s01.csv
[2018-10-29 17:17:56.477211] [Execution Manager] LHFill Selected: 1
[2018-10-29 17:17:56.477281] [Execution Manager] Runnumber Selected: 2
[2018-10-29 17:17:56.477296] [Execution Manager] Lumisection Selected: 1607
[2018-10-29 17:17:56.477305] [Execution Manager] DPID Selected: 2
[2018-10-29 17:17:56.477314] [Execution Manager] DPID NOT ON for the entire selected period: 0
[2018-10-29 17:17:56.477321] [Execution Manager] Finalizing LHFill GroupBy
[2018-10-29 17:17:56.483696] [Execution Manager] Finalizing Runnumber GroupBy
[2018-10-29 17:17:56.488566] [Execution Manager] Finalizing Lumisection GroupBy
[2018-10-29 17:17:56] Running QUEUE: afterTS2s02.csv
[2018-10-29 17:18:02.226765] [Execution Manager] LHFill Selected: 1
[2018-10-29 17:18:02.226840] [Execution Manager] Runnumber Selected: 2
[2018-10-29 17:18:02.226856] [Execution Manager] Lumisection Selected: 1607
[2018-10-29 17:18:02.226865] [Execution Manager] DPID Selected: 2
[2018-10-29 17:18:02.226874] [Execution Manager] DPID NOT ON for the entire selected period: 0
[2018-10-29 17:18:02.226881] [Execution Manager] Finalizing LHFill GroupBy
[2018-10-29 17:18:02.238686] [Execution Manager] Finalizing Runnumber GroupBy
[2018-10-29 17:18:02.243489] [Execution Manager] Finalizing Lumisection GroupBy
[2018-10-29 17:18:02] Running QUEUE: afterTS2s03.csv
[2018-10-29 17:18:07.979459] [Execution Manager] LHFill Selected: 1
[2018-10-29 17:18:07.979519] [Execution Manager] Runnumber Selected: 2
[2018-10-29 17:18:07.979532] [Execution Manager] Lumisection Selected: 1607
[2018-10-29 17:18:07.979554] [Execution Manager] DPID Selected: 2
[2018-10-29 17:18:07.979566] [Execution Manager] DPID NOT ON for the entire selected period: 0
[2018-10-29 17:18:07.979573] [Execution Manager] Finalizing LHFill GroupBy
[2018-10-29 17:18:07.985139] [Execution Manager] Finalizing Runnumber GroupBy
[2018-10-29 17:18:07.986264] [Execution Manager] Finalizing Lumisection GroupBy
[2018-10-29 17:18:08] Running QUEUE: afterTS2s04.csv
[2018-10-29 17:18:13.622504] [Execution Manager] LHFill Selected: 1
[2018-10-29 17:18:13.622588] [Execution Manager] Runnumber Selected: 2
[2018-10-29 17:18:13.622622] [Execution Manager] Lumisection Selected: 1607
[2018-10-29 17:18:13.622635] [Execution Manager] DPID Selected: 2
[2018-10-29 17:18:13.622646] [Execution Manager] DPID NOT ON for the entire selected period: 1
[2018-10-29 17:18:13.622652] [Execution Manager] Finalizing LHFill GroupBy
[2018-10-29 17:18:13.624684] [Execution Manager] Finalizing Runnumber GroupBy
[2018-10-29 17:18:13.627843] [Execution Manager] Finalizing Lumisection GroupBy
[2018-10-29 17:18:13] Running QUEUE: afterTS2s05.csv
[2018-10-29 17:18:19.099128] [Execution Manager] LHFill Selected: 1
[2018-10-29 17:18:19.099181] [Execution Manager] Runnumber Selected: 2
[2018-10-29 17:18:19.099224] [Execution Manager] Lumisection Selected: 1607
[2018-10-29 17:18:19.099235] [Execution Manager] DPID Selected: 2
[2018-10-29 17:18:19.099250] [Execution Manager] DPID NOT ON for the entire selected period: 0
[2018-10-29 17:18:19.099257] [Execution Manager] Finalizing LHFill GroupBy
[2018-10-29 17:18:19.100732] [Execution Manager] Finalizing Runnumber GroupBy
[2018-10-29 17:18:19.101799] [Execution Manager] Finalizing Lumisection GroupBy
[2018-10-29 17:18:19] Running QUEUE: afterTS2s06.csv
[2018-10-29 17:18:24.559740] [Execution Manager] LHFill Selected: 1
[2018-10-29 17:18:24.559787] [Execution Manager] Runnumber Selected: 2
[2018-10-29 17:18:24.559800] [Execution Manager] Lumisection Selected: 1607
[2018-10-29 17:18:24.559810] [Execution Manager] DPID Selected: 2
[2018-10-29 17:18:24.559840] [Execution Manager] DPID NOT ON for the entire selected period: 0
[2018-10-29 17:18:24.559849] [Execution Manager] Finalizing LHFill GroupBy
[2018-10-29 17:18:24.561563] [Execution Manager] Finalizing Runnumber GroupBy
[2018-10-29 17:18:24.562961] [Execution Manager] Finalizing Lumisection GroupBy
[2018-10-29 17:18:24] Running QUEUE: afterTS2s07.csv
[2018-10-29 17:18:29.997666] [Execution Manager] LHFill Selected: 1
[2018-10-29 17:18:29.997758] [Execution Manager] Runnumber Selected: 2
[2018-10-29 17:18:29.997780] [Execution Manager] Lumisection Selected: 1607
[2018-10-29 17:18:29.997791] [Execution Manager] DPID Selected: 2
[2018-10-29 17:18:29.997812] [Execution Manager] DPID NOT ON for the entire selected period: 1
[2018-10-29 17:18:29.997821] [Execution Manager] Finalizing LHFill GroupBy
[2018-10-29 17:18:29.999166] [Execution Manager] Finalizing Runnumber GroupBy
[2018-10-29 17:18:30.000342] [Execution Manager] Finalizing Lumisection GroupBy
[2018-10-29 17:18:30] Running QUEUE: afterTS2s08.csv
[2018-10-29 17:18:35.723368] [Execution Manager] LHFill Selected: 1
[2018-10-29 17:18:35.723472] [Execution Manager] Runnumber Selected: 2
[2018-10-29 17:18:35.723494] [Execution Manager] Lumisection Selected: 1607
[2018-10-29 17:18:35.723504] [Execution Manager] DPID Selected: 2
[2018-10-29 17:18:35.723514] [Execution Manager] DPID NOT ON for the entire selected period: 0
[2018-10-29 17:18:35.723520] [Execution Manager] Finalizing LHFill GroupBy
[2018-10-29 17:18:35.725562] [Execution Manager] Finalizing Runnumber GroupBy
[2018-10-29 17:18:35.726703] [Execution Manager] Finalizing Lumisection GroupBy
[2018-10-29 17:18:35] Running QUEUE: afterTS2s09.csv
[2018-10-29 17:18:41.231261] [Execution Manager] LHFill Selected: 1
[2018-10-29 17:18:41.231327] [Execution Manager] Runnumber Selected: 2
[2018-10-29 17:18:41.231352] [Execution Manager] Lumisection Selected: 1607
[2018-10-29 17:18:41.231361] [Execution Manager] DPID Selected: 2
[2018-10-29 17:18:41.231371] [Execution Manager] DPID NOT ON for the entire selected period: 0
[2018-10-29 17:18:41.231378] [Execution Manager] Finalizing LHFill GroupBy
[2018-10-29 17:18:41.234766] [Execution Manager] Finalizing Runnumber GroupBy
[2018-10-29 17:18:41.236111] [Execution Manager] Finalizing Lumisection GroupBy
[2018-10-29 17:18:41] Running QUEUE: afterTS2s10.csv
[2018-10-29 17:18:46.808880] [Execution Manager] LHFill Selected: 1
[2018-10-29 17:18:46.809015] [Execution Manager] Runnumber Selected: 2
[2018-10-29 17:18:46.809033] [Execution Manager] Lumisection Selected: 1607
[2018-10-29 17:18:46.809043] [Execution Manager] DPID Selected: 2
[2018-10-29 17:18:46.809054] [Execution Manager] DPID NOT ON for the entire selected period: 0
[2018-10-29 17:18:46.809061] [Execution Manager] Finalizing LHFill GroupBy
[2018-10-29 17:18:46.815128] [Execution Manager] Finalizing Runnumber GroupBy
[2018-10-29 17:18:46.817046] [Execution Manager] Finalizing Lumisection GroupBy
[2018-10-29 17:18:46] Running QUEUE: afterTS2s11.csv
[2018-10-29 17:18:52.336508] [Execution Manager] LHFill Selected: 1
[2018-10-29 17:18:52.336563] [Execution Manager] Runnumber Selected: 2
[2018-10-29 17:18:52.336577] [Execution Manager] Lumisection Selected: 1607
[2018-10-29 17:18:52.336586] [Execution Manager] DPID Selected: 2
[2018-10-29 17:18:52.336594] [Execution Manager] DPID NOT ON for the entire selected period: 0
[2018-10-29 17:18:52.336601] [Execution Manager] Finalizing LHFill GroupBy
[2018-10-29 17:18:52.341223] [Execution Manager] Finalizing Runnumber GroupBy
[2018-10-29 17:18:52.343069] [Execution Manager] Finalizing Lumisection GroupBy
[2018-10-29 17:18:52] Running QUEUE: afterTS2s12.csv
[2018-10-29 17:18:57.951003] [Execution Manager] LHFill Selected: 1
[2018-10-29 17:18:57.951132] [Execution Manager] Runnumber Selected: 2
[2018-10-29 17:18:57.951192] [Execution Manager] Lumisection Selected: 1607
[2018-10-29 17:18:57.951205] [Execution Manager] DPID Selected: 2
[2018-10-29 17:18:57.951216] [Execution Manager] DPID NOT ON for the entire selected period: 0
[2018-10-29 17:18:57.951223] [Execution Manager] Finalizing LHFill GroupBy
[2018-10-29 17:18:57.954047] [Execution Manager] Finalizing Runnumber GroupBy
[2018-10-29 17:18:57.957122] [Execution Manager] Finalizing Lumisection GroupBy
[2018-10-29 17:18:58] Running QUEUE: beforeTS2s01.csv
[2018-10-29 17:19:03.606614] [Execution Manager] LHFill Selected: 1
[2018-10-29 17:19:03.606655] [Execution Manager] Runnumber Selected: 4
[2018-10-29 17:19:03.606667] [Execution Manager] Lumisection Selected: 1904
[2018-10-29 17:19:03.606675] [Execution Manager] DPID Selected: 2
[2018-10-29 17:19:03.606684] [Execution Manager] DPID NOT ON for the entire selected period: 2
[2018-10-29 17:19:03.606690] [Execution Manager] Finalizing LHFill GroupBy
[2018-10-29 17:19:03.608432] [Execution Manager] Finalizing Runnumber GroupBy
[2018-10-29 17:19:03.610074] [Execution Manager] Finalizing Lumisection GroupBy
[2018-10-29 17:19:03] Running QUEUE: beforeTS2s02.csv
[2018-10-29 17:19:09.380780] [Execution Manager] LHFill Selected: 1
[2018-10-29 17:19:09.380822] [Execution Manager] Runnumber Selected: 4
[2018-10-29 17:19:09.380834] [Execution Manager] Lumisection Selected: 1904
[2018-10-29 17:19:09.380862] [Execution Manager] DPID Selected: 2
[2018-10-29 17:19:09.380873] [Execution Manager] DPID NOT ON for the entire selected period: 2
[2018-10-29 17:19:09.380881] [Execution Manager] Finalizing LHFill GroupBy
[2018-10-29 17:19:09.381997] [Execution Manager] Finalizing Runnumber GroupBy
[2018-10-29 17:19:09.383237] [Execution Manager] Finalizing Lumisection GroupBy
[2018-10-29 17:19:09] Running QUEUE: beforeTS2s03.csv
[2018-10-29 17:19:15.510702] [Execution Manager] LHFill Selected: 1
[2018-10-29 17:19:15.510785] [Execution Manager] Runnumber Selected: 4
[2018-10-29 17:19:15.510799] [Execution Manager] Lumisection Selected: 1904
[2018-10-29 17:19:15.510808] [Execution Manager] DPID Selected: 2
[2018-10-29 17:19:15.510823] [Execution Manager] DPID NOT ON for the entire selected period: 2
[2018-10-29 17:19:15.510830] [Execution Manager] Finalizing LHFill GroupBy
[2018-10-29 17:19:15.512869] [Execution Manager] Finalizing Runnumber GroupBy
[2018-10-29 17:19:15.514109] [Execution Manager] Finalizing Lumisection GroupBy
[2018-10-29 17:19:15] Running QUEUE: beforeTS2s04.csv
[2018-10-29 17:19:21.124482] [Execution Manager] LHFill Selected: 1
[2018-10-29 17:19:21.124568] [Execution Manager] Runnumber Selected: 4
[2018-10-29 17:19:21.124587] [Execution Manager] Lumisection Selected: 1904
[2018-10-29 17:19:21.124597] [Execution Manager] DPID Selected: 2
[2018-10-29 17:19:21.124615] [Execution Manager] DPID NOT ON for the entire selected period: 2
[2018-10-29 17:19:21.124622] [Execution Manager] Finalizing LHFill GroupBy
[2018-10-29 17:19:21.129942] [Execution Manager] Finalizing Runnumber GroupBy
[2018-10-29 17:19:21.131221] [Execution Manager] Finalizing Lumisection GroupBy
[2018-10-29 17:19:21] Running QUEUE: beforeTS2s05.csv
[2018-10-29 17:19:27.246751] [Execution Manager] LHFill Selected: 1
[2018-10-29 17:19:27.246818] [Execution Manager] Runnumber Selected: 4
[2018-10-29 17:19:27.246832] [Execution Manager] Lumisection Selected: 1904
[2018-10-29 17:19:27.246860] [Execution Manager] DPID Selected: 2
[2018-10-29 17:19:27.246872] [Execution Manager] DPID NOT ON for the entire selected period: 2
[2018-10-29 17:19:27.246880] [Execution Manager] Finalizing LHFill GroupBy
[2018-10-29 17:19:27.248438] [Execution Manager] Finalizing Runnumber GroupBy
[2018-10-29 17:19:27.250120] [Execution Manager] Finalizing Lumisection GroupBy
[2018-10-29 17:19:27] Running QUEUE: beforeTS2s06.csv
[2018-10-29 17:19:32.945661] [Execution Manager] LHFill Selected: 1
[2018-10-29 17:19:32.945727] [Execution Manager] Runnumber Selected: 4
[2018-10-29 17:19:32.945740] [Execution Manager] Lumisection Selected: 1904
[2018-10-29 17:19:32.945750] [Execution Manager] DPID Selected: 2
[2018-10-29 17:19:32.945761] [Execution Manager] DPID NOT ON for the entire selected period: 2
[2018-10-29 17:19:32.945768] [Execution Manager] Finalizing LHFill GroupBy
[2018-10-29 17:19:32.947582] [Execution Manager] Finalizing Runnumber GroupBy
[2018-10-29 17:19:32.949071] [Execution Manager] Finalizing Lumisection GroupBy
[2018-10-29 17:19:33] Running QUEUE: beforeTS2s07.csv
[2018-10-29 17:19:38.617765] [Execution Manager] LHFill Selected: 1
[2018-10-29 17:19:38.618260] [Execution Manager] Runnumber Selected: 4
[2018-10-29 17:19:38.618282] [Execution Manager] Lumisection Selected: 1904
[2018-10-29 17:19:38.618333] [Execution Manager] DPID Selected: 2
[2018-10-29 17:19:38.618357] [Execution Manager] DPID NOT ON for the entire selected period: 2
[2018-10-29 17:19:38.618364] [Execution Manager] Finalizing LHFill GroupBy
[2018-10-29 17:19:38.624127] [Execution Manager] Finalizing Runnumber GroupBy
[2018-10-29 17:19:38.626847] [Execution Manager] Finalizing Lumisection GroupBy
[2018-10-29 17:19:38] Running QUEUE: beforeTS2s08.csv
[2018-10-29 17:19:44.308035] [Execution Manager] LHFill Selected: 1
[2018-10-29 17:19:44.308097] [Execution Manager] Runnumber Selected: 4
[2018-10-29 17:19:44.308110] [Execution Manager] Lumisection Selected: 1904
[2018-10-29 17:19:44.308125] [Execution Manager] DPID Selected: 2
[2018-10-29 17:19:44.308135] [Execution Manager] DPID NOT ON for the entire selected period: 2
[2018-10-29 17:19:44.308141] [Execution Manager] Finalizing LHFill GroupBy
[2018-10-29 17:19:44.312200] [Execution Manager] Finalizing Runnumber GroupBy
[2018-10-29 17:19:44.313581] [Execution Manager] Finalizing Lumisection GroupBy
[2018-10-29 17:19:44] Running QUEUE: beforeTS2s09.csv
[2018-10-29 17:19:50.303317] [Execution Manager] LHFill Selected: 1
[2018-10-29 17:19:50.303378] [Execution Manager] Runnumber Selected: 4
[2018-10-29 17:19:50.303390] [Execution Manager] Lumisection Selected: 1904
[2018-10-29 17:19:50.303399] [Execution Manager] DPID Selected: 2
[2018-10-29 17:19:50.303417] [Execution Manager] DPID NOT ON for the entire selected period: 2
[2018-10-29 17:19:50.303425] [Execution Manager] Finalizing LHFill GroupBy
[2018-10-29 17:19:50.326777] [Execution Manager] Finalizing Runnumber GroupBy
[2018-10-29 17:19:50.348082] [Execution Manager] Finalizing Lumisection GroupBy
[2018-10-29 17:19:50] Running QUEUE: beforeTS2s10.csv
[2018-10-29 17:19:56.173071] [Execution Manager] LHFill Selected: 1
[2018-10-29 17:19:56.173137] [Execution Manager] Runnumber Selected: 4
[2018-10-29 17:19:56.173151] [Execution Manager] Lumisection Selected: 1904
[2018-10-29 17:19:56.173165] [Execution Manager] DPID Selected: 2
[2018-10-29 17:19:56.173176] [Execution Manager] DPID NOT ON for the entire selected period: 2
[2018-10-29 17:19:56.173183] [Execution Manager] Finalizing LHFill GroupBy
[2018-10-29 17:19:56.174960] [Execution Manager] Finalizing Runnumber GroupBy
[2018-10-29 17:19:56.176031] [Execution Manager] Finalizing Lumisection GroupBy
[2018-10-29 17:19:56] Running QUEUE: beforeTS2s11.csv
[2018-10-29 17:20:01.883725] [Execution Manager] LHFill Selected: 1
[2018-10-29 17:20:01.883774] [Execution Manager] Runnumber Selected: 4
[2018-10-29 17:20:01.883787] [Execution Manager] Lumisection Selected: 1904
[2018-10-29 17:20:01.883797] [Execution Manager] DPID Selected: 2
[2018-10-29 17:20:01.883806] [Execution Manager] DPID NOT ON for the entire selected period: 2
[2018-10-29 17:20:01.883813] [Execution Manager] Finalizing LHFill GroupBy
[2018-10-29 17:20:02.124213] [Execution Manager] Finalizing Runnumber GroupBy
[2018-10-29 17:20:02.129272] [Execution Manager] Finalizing Lumisection GroupBy
[2018-10-29 17:20:02] Running QUEUE: beforeTS2s12.csv
[2018-10-29 17:20:07.823898] [Execution Manager] LHFill Selected: 1
[2018-10-29 17:20:07.823968] [Execution Manager] Runnumber Selected: 4
[2018-10-29 17:20:07.823981] [Execution Manager] Lumisection Selected: 1904
[2018-10-29 17:20:07.823990] [Execution Manager] DPID Selected: 2
[2018-10-29 17:20:07.824004] [Execution Manager] DPID NOT ON for the entire selected period: 2
[2018-10-29 17:20:07.824011] [Execution Manager] Finalizing LHFill GroupBy
[2018-10-29 17:20:07.825855] [Execution Manager] Finalizing Runnumber GroupBy
[2018-10-29 17:20:07.830602] [Execution Manager] Finalizing Lumisection GroupBy
[2018-10-29 17:20:07] Done!
